# JRE version: Java(TM) SE Runtime Environment (23.0.1+11) (build 23.0.1+11-39)
# Java VM: Java HotSpot(TM) 64-Bit Server VM (23.0.1+11-39, mixed mode, sharing, tiered, compressed oops, compressed class ptrs, g1 gc, windows-amd64)
GC Precious Log:
 CardTable entry size: 512
 Card Set container configuration: InlinePtr #cards 5 size 8 Array Of Cards #cards 10 size 36 Howl #buckets 4 coarsen threshold 1843 Howl Bitmap #cards 512 size 80 coarsen threshold 460 Card regions per heap region 1 cards per card region 2048
 CPUs: 12 total, 12 available
 Memory: 3425M
 Large Page Support: Disabled
 NUMA Support: Disabled
 Compressed Oops: Enabled (32-bit)
 Heap Region Size: 1M
 Heap Min Capacity: 8M
 Heap Initial Capacity: 54M
 Heap Max Capacity: 858M
 Pre-touch: Disabled
 Parallel Workers: 10
 Concurrent Workers: 3
 Concurrent Refinement Workers: 10
 Periodic GC: Disabled
Heap:
 garbage-first heap   total reserved 878592K, committed 59392K, used 33466K [0x00000000ca600000, 0x0000000100000000)
  region size 1024K, 17 young (17408K), 5 survivors (5120K)
 Metaspace       used 27282K, committed 27648K, reserved 1114112K
  class space    used 3254K, committed 3456K, reserved 1048576K
GC Heap History (16 events):
Event: 0.510 GC heap before
{Heap before GC invocations=0 (full 0):
 garbage-first heap   total reserved 878592K, committed 55296K, used 23552K [0x00000000ca600000, 0x0000000100000000)
  region size 1024K, 24 young (24576K), 0 survivors (0K)
 Metaspace       used 5950K, committed 6144K, reserved 1114112K
  class space    used 735K, committed 832K, reserved 1048576K
}
Event: 0.518 GC heap after
{Heap after GC invocations=1 (full 0):
 garbage-first heap   total reserved 878592K, committed 55296K, used 4032K [0x00000000ca600000, 0x0000000100000000)
  region size 1024K, 3 young (3072K), 3 survivors (3072K)
 Metaspace       used 5950K, committed 6144K, reserved 1114112K
  class space    used 735K, committed 832K, reserved 1048576K
}
Event: 0.872 GC heap before
{Heap before GC invocations=1 (full 0):
 garbage-first heap   total reserved 878592K, committed 55296K, used 26560K [0x00000000ca600000, 0x0000000100000000)
  region size 1024K, 25 young (25600K), 3 survivors (3072K)
 Metaspace       used 8607K, committed 8768K, reserved 1114112K
  class space    used 1054K, committed 1152K, reserved 1048576K
}
Event: 0.877 GC heap after
{Heap after GC invocations=2 (full 0):
 garbage-first heap   total reserved 878592K, committed 55296K, used 4996K [0x00000000ca600000, 0x0000000100000000)
  region size 1024K, 1 young (1024K), 1 survivors (1024K)
 Metaspace       used 8607K, committed 8768K, reserved 1114112K
  class space    used 1054K, committed 1152K, reserved 1048576K
}
Event: 1.429 GC heap before
{Heap before GC invocations=2 (full 0):
 garbage-first heap   total reserved 878592K, committed 55296K, used 32644K [0x00000000ca600000, 0x0000000100000000)
  region size 1024K, 28 young (28672K), 1 survivors (1024K)
 Metaspace       used 14127K, committed 14400K, reserved 1114112K
  class space    used 1780K, committed 1920K, reserved 1048576K
}
Event: 1.436 GC heap after
{Heap after GC invocations=3 (full 0):
 garbage-first heap   total reserved 878592K, committed 55296K, used 7829K [0x00000000ca600000, 0x0000000100000000)
  region size 1024K, 4 young (4096K), 4 survivors (4096K)
 Metaspace       used 14127K, committed 14400K, reserved 1114112K
  class space    used 1780K, committed 1920K, reserved 1048576K
}
Event: 1.924 GC heap before
{Heap before GC invocations=3 (full 0):
 garbage-first heap   total reserved 878592K, committed 55296K, used 35477K [0x00000000ca600000, 0x0000000100000000)
  region size 1024K, 31 young (31744K), 4 survivors (4096K)
 Metaspace       used 15917K, committed 16128K, reserved 1114112K
  class space    used 1956K, committed 2048K, reserved 1048576K
}
Event: 1.932 GC heap after
{Heap after GC invocations=4 (full 0):
 garbage-first heap   total reserved 878592K, committed 55296K, used 9612K [0x00000000ca600000, 0x0000000100000000)
  region size 1024K, 2 young (2048K), 2 survivors (2048K)
 Metaspace       used 15917K, committed 16128K, reserved 1114112K
  class space    used 1956K, committed 2048K, reserved 1048576K
}
Event: 2.512 GC heap before
{Heap before GC invocations=4 (full 0):
 garbage-first heap   total reserved 878592K, committed 55296K, used 38284K [0x00000000ca600000, 0x0000000100000000)
  region size 1024K, 30 young (30720K), 2 survivors (2048K)
 Metaspace       used 17091K, committed 17408K, reserved 1114112K
  class space    used 2082K, committed 2176K, reserved 1048576K
}
Event: 2.518 GC heap after
{Heap after GC invocations=5 (full 0):
 garbage-first heap   total reserved 878592K, committed 66560K, used 11776K [0x00000000ca600000, 0x0000000100000000)
  region size 1024K, 4 young (4096K), 4 survivors (4096K)
 Metaspace       used 17091K, committed 17408K, reserved 1114112K
  class space    used 2082K, committed 2176K, reserved 1048576K
}
Event: 4.135 GC heap before
{Heap before GC invocations=5 (full 0):
 garbage-first heap   total reserved 878592K, committed 66560K, used 45568K [0x00000000ca600000, 0x0000000100000000)
  region size 1024K, 37 young (37888K), 4 survivors (4096K)
 Metaspace       used 19448K, committed 19776K, reserved 1114112K
  class space    used 2328K, committed 2496K, reserved 1048576K
}
Event: 4.143 GC heap after
{Heap after GC invocations=6 (full 0):
 garbage-first heap   total reserved 878592K, committed 66560K, used 13064K [0x00000000ca600000, 0x0000000100000000)
  region size 1024K, 4 young (4096K), 4 survivors (4096K)
 Metaspace       used 19448K, committed 19776K, reserved 1114112K
  class space    used 2328K, committed 2496K, reserved 1048576K
}
Event: 4.294 GC heap before
{Heap before GC invocations=6 (full 0):
 garbage-first heap   total reserved 878592K, committed 66560K, used 16136K [0x00000000ca600000, 0x0000000100000000)
  region size 1024K, 8 young (8192K), 4 survivors (4096K)
 Metaspace       used 21178K, committed 21504K, reserved 1114112K
  class space    used 2581K, committed 2752K, reserved 1048576K
}
Event: 4.299 GC heap after
{Heap after GC invocations=7 (full 0):
 garbage-first heap   total reserved 878592K, committed 66560K, used 13948K [0x00000000ca600000, 0x0000000100000000)
  region size 1024K, 3 young (3072K), 3 survivors (3072K)
 Metaspace       used 21178K, committed 21504K, reserved 1114112K
  class space    used 2581K, committed 2752K, reserved 1048576K
}
Event: 4.791 GC heap before
{Heap before GC invocations=8 (full 0):
 garbage-first heap   total reserved 878592K, committed 48128K, used 47740K [0x00000000ca600000, 0x0000000100000000)
  region size 1024K, 36 young (36864K), 3 survivors (3072K)
 Metaspace       used 26096K, committed 26432K, reserved 1114112K
  class space    used 3125K, committed 3264K, reserved 1048576K
}
Event: 5.816 GC heap after
{Heap after GC invocations=9 (full 0):
 garbage-first heap   total reserved 878592K, committed 59392K, used 22202K [0x00000000ca600000, 0x0000000100000000)
  region size 1024K, 5 young (5120K), 5 survivors (5120K)
 Metaspace       used 26096K, committed 26432K, reserved 1114112K
  class space    used 3125K, committed 3264K, reserved 1048576K
}

